make all --print-data-base --no-builtin-variables --no-builtin-rules --question
# GNU Make 4.2.1
# Built for x86_64-pc-linux-gnu
# Copyright (C) 1988-2016 Free Software Foundation, Inc.
# License GPLv3+: GNU GPL version 3 or later <http://gnu.org/licenses/gpl.html>
# This is free software: you are free to change and redistribute it.
# There is NO WARRANTY, to the extent permitted by law.

# Make data base, printed on Sat Jun 12 13:53:59 2021

# Variables

# automatic
<D = $(patsubst %/,%,$(dir $<))
# environment
RUBY_VERSION = ruby-2.7.3
# automatic
?F = $(notdir $?)
# environment
GP_OPEN_EDITOR = /ide/bin/code
# default
.SHELLFLAGS := -c
# environment
VSCODE_LOG_NATIVE = false
# automatic
?D = $(patsubst %/,%,$(dir $?))
# environment
GRADLE_HOME = /home/gitpod/.sdkman/candidates/gradle/current
# environment
rvm_path = /home/gitpod/.rvm
# environment
SUPERVISOR_ADDR = localhost:22999
# automatic
@D = $(patsubst %/,%,$(dir $@))
# automatic
@F = $(notdir $@)
# makefile
CURDIR := /workspace/bio2021
# makefile (from 'Makefile', line 48)
SHELL = /bin/sh
# makefile (from 'Makefile', line 54)
RM = /home/linuxbrew/.linuxbrew/Cellar/cmake/3.20.2/bin/cmake -E rm -f
# environment
GITPOD_THEIA_PORT = 23000
# environment
GITPOD_ANALYTICS_WRITER = segment
# environment
GO_VERSION = 1.16.5
# makefile (from 'Makefile', line 63)
CMAKE_BINARY_DIR = /workspace/bio2021
# environment
MAVEN_HOME = /home/gitpod/.sdkman/candidates/maven/current
# makefile (from 'Makefile', line 1)
MAKEFILE_LIST :=  Makefile
# environment
GITPOD_WORKSPACE_CONTEXT_URL = https://github.com/styskin/bio2021
# 'override' directive
GNUMAKEFLAGS := 
# environment
VSCODE_VERBOSE_LOGGING = true
# environment
THEIA_WORKSPACE_ROOT = /workspace/bio2021
# environment
INFOPATH = :/home/linuxbrew/.linuxbrew/share/info
# makefile (from 'Makefile', line 35)
MAKESILENT = -s
# environment
LESSOPEN = | /usr/bin/lesspipe %s
# environment
GIT_EDITOR = /ide/bin/code --wait
# environment
VSCODE_CWD = /ide
# default
MAKE_HOST := x86_64-pc-linux-gnu
# environment
PATH = /home/gitpod/.sdkman/candidates/maven/current/bin:/home/gitpod/.sdkman/candidates/java/current/bin:/home/gitpod/.sdkman/candidates/gradle/current/bin:/home/gitpod/.rvm/gems/ruby-2.7.3/bin:/home/gitpod/.rvm/gems/ruby-2.7.3@global/bin:/home/gitpod/.rvm/rubies/ruby-2.7.3/bin:/home/gitpod/.pyenv/plugins/pyenv-virtualenv/shims:/workspace/.cargo/bin:/workspace/.pip-modules/bin:/workspace/.rvm/bin:/ide/bin:/home/gitpod/.pyenv/bin:/home/gitpod/.pyenv/shims:/workspace/go/bin:/home/gitpod/go/bin:/home/gitpod/go-packages/bin:/usr/local/sbin:/usr/local/bin:/usr/sbin:/usr/bin:/sbin:/bin:/home/linuxbrew/.linuxbrew/bin:/home/linuxbrew/.linuxbrew/sbin/:/home/gitpod/.nvm/versions/node/v14.17.0/bin:/home/gitpod/.cargo/bin:/home/gitpod/.nvm/versions/node/v14.17.0/bin:/home/gitpod/.rvm/bin:/home/gitpod/.nvm/versions/node/v14.17.0/bin
# environment
GITPOD_WORKSPACE_ID = kumquat-porcupine-k8or7q13
# environment
GITPOD_INTERVAL = 30000
# environment
CARGO_HOME = /workspace/.cargo
# environment
GITPOD_ANALYTICS_SEGMENT_KEY = bUY8IRdJ42KjLOBS9LoIHMYFBD8rSzjU
# environment
SDKMAN_DIR = /home/gitpod/.sdkman
# environment
SDKMAN_CANDIDATES_API = https://api.sdkman.io/2
# environment
GOPATH = /workspace/go
# environment
SDKMAN_PLATFORM = linuxx64
# environment
VSCODE_LOG_STACK = true
# environment
VSCODE_IPC_HOOK_CLI = /tmp/vscode-ipc-69376276-d30f-4c09-8566-4928c202d75f.sock
# default
.FEATURES := target-specific order-only second-expansion else-if shortest-stem undefine oneshell archives jobserver output-sync check-symlink load
# environment
LS_COLORS = 
# automatic
%F = $(notdir $%)
# environment
GP_PREVIEW_BROWSER = /ide/bin/code --command gitpod.api.preview
# environment
VISUAL = /ide/bin/code
# environment
VSCODE_PIPE_LOGGING = true
# environment
rvm_bin_path = /home/gitpod/.rvm/bin
# environment
PWD = /workspace/bio2021
# default
.LOADED := 
# environment
GEM_HOME = /home/gitpod/.rvm/gems/ruby-2.7.3
# environment
MANPATH = :/home/linuxbrew/.linuxbrew/share/man
# environment
NODE_VERSION = 14.17.0
# environment
VSCODE_AMD_ENTRYPOINT = vs/workbench/services/extensions/node/extensionHostProcess
# environment
PYENV_SHELL = bash
# environment
HOME = /home/gitpod
# environment
THEIA_WEBVIEW_EXTERNAL_ENDPOINT = webview-{{hostname}}
# environment
LESSCLOSE = /usr/bin/lesspipe %s %s
# environment
APPLICATION_INSIGHTS_NO_DIAGNOSTIC_CHANNEL = true
# makefile (from 'Makefile', line 57)
EQUALS = =
# environment
GITPOD_CLI_APITOKEN = zqyyiAKk5V0KL2HPAu0ZX8dpFojKhu6V
# automatic
+F = $(notdir $+)
# environment
VSCODE_HANDLES_UNCAUGHT_ERRORS = true
# automatic
^D = $(patsubst %/,%,$(dir $^))
# environment
HOSTNAME = ws-ef6f1c73-629d-4ceb-a146-4ae520ae5eff
# environment
GRADLE_USER_HOME = /workspace/.gradle/
# environment
MAKELEVEL := 0
# environment
GEM_PATH = /home/gitpod/.rvm/gems/ruby-2.7.3:/home/gitpod/.rvm/gems/ruby-2.7.3@global
# environment
SDKMAN_VERSION = 5.11.5+713
# default
MAKE = $(MAKE_COMMAND)
# default
MAKECMDGOALS := all
# environment
IRBRC = /home/gitpod/.rvm/rubies/ruby-2.7.3/.irbrc
# environment
SHLVL = 0
# environment
GITPOD_GIT_USER_NAME = Andrey Styskin
# environment
JAVA_HOME = /home/gitpod/.sdkman/candidates/java/current
# default
MAKE_VERSION := 4.2.1
# environment
USER = gitpod
# makefile
.DEFAULT_GOAL := default_target
# environment
GITPOD_EXTERNAL_EXTENSIONS = []
# makefile (from 'Makefile', line 60)
CMAKE_SOURCE_DIR = /workspace/bio2021
# environment
GOROOT = /home/gitpod/go
# environment
rvm_version = 1.29.12 (latest)
# automatic
%D = $(patsubst %/,%,$(dir $%))
# environment
GITPOD_REPO_ROOT = /workspace/bio2021
# environment
PIP_USER = yes
# environment
THEIA_RATELIMIT_LOG = 50
# environment
THEIA_MINI_BROWSER_HOST_PATTERN = browser-{{hostname}}
# environment
TRIGGER_BREW_REBUILD = 2
# environment
GITPOD_GIT_USER_EMAIL = astyskin@gmail.com
# default
MAKE_COMMAND := make
# environment
OLDPWD = /
# default
.VARIABLES := 
# automatic
*F = $(notdir $*)
# environment
GITPOD_HOST = https://gitpod.io
# makefile
MAKEFLAGS = pqrRs
# environment
MFLAGS = -pqrRs
# automatic
*D = $(patsubst %/,%,$(dir $*))
# environment
NVM_DIR = /home/gitpod/.nvm
# automatic
+D = $(patsubst %/,%,$(dir $+))
# environment
BROWSER = gp-preview
# environment
GITPOD_MEMORY = 1879
# environment
GITPOD_TASKS = []
# default
MAKEFILES := 
# environment
HOMEBREW_NO_AUTO_UPDATE = 1
# automatic
<F = $(notdir $<)
# environment
PIPENV_VENV_IN_PROJECT = true
# environment
PS1 = \[]0;\u \w\]\[[01;32m\]\u\[[00m\] \[[01;34m\]\w\[[00m\] \$ 
# environment
TRIGGER_REBUILD = 2
# environment
GP_EXTERNAL_BROWSER = /ide/bin/code --open-external
# environment
SDKMAN_CANDIDATES_DIR = /home/gitpod/.sdkman/candidates
# environment
EDITOR = /ide/bin/code
# environment
LC_ALL = C
# environment
GITPOD_WORKSPACE_CONTEXT = {"isFile":false,"path":"","title":"styskin/bio2021 ","revision":"","repository":{"cloneUrl":"https://github.com/styskin/bio2021.git","host":"github.com","name":"bio2021","owner":"styskin","private":false}}
# environment
JAVA_TOOL_OPTIONS = -Xmx1879m
# makefile (from 'Makefile', line 51)
CMAKE_COMMAND = /home/linuxbrew/.linuxbrew/Cellar/cmake/3.20.2/bin/cmake
# automatic
^F = $(notdir $^)
# environment
rvm_prefix = /home/gitpod
# default
SUFFIXES := 
# environment
APACHE_DOCROOT_IN_REPO = public
# environment
PYENV_VIRTUALENV_INIT = 1
# environment
NGINX_DOCROOT_IN_REPO = public
# default
.INCLUDE_DIRS = /usr/include /usr/local/include /usr/include
# environment
VSCODE_INJECT_NODE_MODULE_LOOKUP_PATH = /ide/remote/node_modules
# environment
GITPOD_INSTANCE_ID = ef6f1c73-629d-4ceb-a146-4ae520ae5eff
# environment
GITPOD_WORKSPACE_URL = https://kumquat-porcupine-k8or7q13.ws-eu09.gitpod.io
# default
.RECIPEPREFIX := 
# environment
GITPOD_RESOLVED_EXTENSIONS = {"vscode.bat@1.44.2":{"fullPluginName":"vscode.bat@1.44.2","url":"local","kind":"builtin"},"vscode.clojure@1.44.2":{"fullPluginName":"vscode.clojure@1.44.2","url":"local","kind":"builtin"},"vscode.coffeescript@1.44.2":{"fullPluginName":"vscode.coffeescript@1.44.2","url":"local","kind":"builtin"},"vscode.cpp@1.44.2":{"fullPluginName":"vscode.cpp@1.44.2","url":"local","kind":"builtin"},"vscode.csharp@1.44.2":{"fullPluginName":"vscode.csharp@1.44.2","url":"local","kind":"builtin"},"llvm-vs-code-extensions.vscode-clangd@0.1.5":{"fullPluginName":"llvm-vs-code-extensions.vscode-clangd@0.1.5","url":"local","kind":"builtin"},"vscode.css@1.51.1":{"fullPluginName":"vscode.css@1.51.1","url":"local","kind":"builtin"},"vscode.css-language-features@1.51.1":{"fullPluginName":"vscode.css-language-features@1.51.1","url":"local","kind":"builtin"},"vscode.debug-auto-launch@1.44.2":{"fullPluginName":"vscode.debug-auto-launch@1.44.2","url":"local","kind":"builtin"},"vscode.emmet@1.44.2":{"fullPluginName":"vscode.emmet@1.44.2","url":"local","kind":"builtin"},"vscode.fsharp@1.44.2":{"fullPluginName":"vscode.fsharp@1.44.2","url":"local","kind":"builtin"},"vscode.go@1.44.2":{"fullPluginName":"vscode.go@1.44.2","url":"local","kind":"builtin"},"vscode.groovy@1.44.2":{"fullPluginName":"vscode.groovy@1.44.2","url":"local","kind":"builtin"},"vscode.handlebars@1.44.2":{"fullPluginName":"vscode.handlebars@1.44.2","url":"local","kind":"builtin"},"vscode.hlsl@1.44.2":{"fullPluginName":"vscode.hlsl@1.44.2","url":"local","kind":"builtin"},"vscode.html@1.51.1":{"fullPluginName":"vscode.html@1.51.1","url":"local","kind":"builtin"},"vscode.html-language-features@1.51.1":{"fullPluginName":"vscode.html-language-features@1.51.1","url":"local","kind":"builtin"},"vscode.ini@1.44.2":{"fullPluginName":"vscode.ini@1.44.2","url":"local","kind":"builtin"},"vscode.java@1.53.2":{"fullPluginName":"vscode.java@1.53.2","url":"local","kind":"builtin"},"vscode.javascript@1.44.2":{"fullPluginName":"vscode.javascript@1.44.2","url":"local","kind":"builtin"},"vscode.json@1.44.2":{"fullPluginName":"vscode.json@1.44.2","url":"local","kind":"builtin"},"vscode.json-language-features@1.46.1":{"fullPluginName":"vscode.json-language-features@1.46.1","url":"local","kind":"builtin"},"vscode.less@1.44.2":{"fullPluginName":"vscode.less@1.44.2","url":"local","kind":"builtin"},"vscode.log@1.44.2":{"fullPluginName":"vscode.log@1.44.2","url":"local","kind":"builtin"},"vscode.lua@1.44.2":{"fullPluginName":"vscode.lua@1.44.2","url":"local","kind":"builtin"},"vscode.make@1.44.2":{"fullPluginName":"vscode.make@1.44.2","url":"local","kind":"builtin"},"vscode.markdown@1.44.2":{"fullPluginName":"vscode.markdown@1.44.2","url":"local","kind":"builtin"},"vscode.npm@1.39.1":{"fullPluginName":"vscode.npm@1.39.1","url":"local","kind":"builtin"},"vscode.objective-c@1.44.2":{"fullPluginName":"vscode.objective-c@1.44.2","url":"local","kind":"builtin"},"vscode.perl@1.44.2":{"fullPluginName":"vscode.perl@1.44.2","url":"local","kind":"builtin"},"vscode.php@1.44.2":{"fullPluginName":"vscode.php@1.44.2","url":"local","kind":"builtin"},"vscode.powershell@1.44.2":{"fullPluginName":"vscode.powershell@1.44.2","url":"local","kind":"builtin"},"vscode.pug@1.44.2":{"fullPluginName":"vscode.pug@1.44.2","url":"local","kind":"builtin"},"vscode.python@1.47.3":{"fullPluginName":"vscode.python@1.47.3","url":"local","kind":"builtin"},"vscode.r@1.44.2":{"fullPluginName":"vscode.r@1.44.2","url":"local","kind":"builtin"},"vscode.razor@1.44.2":{"fullPluginName":"vscode.razor@1.44.2","url":"local","kind":"builtin"},"vscode.ruby@1.44.2":{"fullPluginName":"vscode.ruby@1.44.2","url":"local","kind":"builtin"},"vscode.rust@1.44.2":{"fullPluginName":"vscode.rust@1.44.2","url":"local","kind":"builtin"},"vscode.scss@1.44.2":{"fullPluginName":"vscode.scss@1.44.2","url":"local","kind":"builtin"},"vscode.shaderlab@1.44.2":{"fullPluginName":"vscode.shaderlab@1.44.2","url":"local","kind":"builtin"},"vscode.shellscript@1.44.2":{"fullPluginName":"vscode.shellscript@1.44.2","url":"local","kind":"builtin"},"vscode.sql@1.44.2":{"fullPluginName":"vscode.sql@1.44.2","url":"local","kind":"builtin"},"vscode.swift@1.44.2":{"fullPluginName":"vscode.swift@1.44.2","url":"local","kind":"builtin"},"vscode.typescript@1.44.2":{"fullPluginName":"vscode.typescript@1.44.2","url":"local","kind":"builtin"},"vscode.typescript-language-features@1.44.2":{"fullPluginName":"vscode.typescript-language-features@1.44.2","url":"local","kind":"builtin"},"vscode.vb@1.44.2":{"fullPluginName":"vscode.vb@1.44.2","url":"local","kind":"builtin"},"vscode.xml@1.44.2":{"fullPluginName":"vscode.xml@1.44.2","url":"local","kind":"builtin"},"vscode.yaml@1.44.2":{"fullPluginName":"vscode.yaml@1.44.2","url":"local","kind":"builtin"},"redhat.java@0.75.0":{"fullPluginName":"redhat.java@0.75.0","url":"local","kind":"builtin"},"vscjava.vscode-java-debug@0.27.1":{"fullPluginName":"vscjava.vscode-java-debug@0.27.1","url":"local","kind":"builtin"},"vscjava.vscode-java-dependency@0.18.0":{"fullPluginName":"vscjava.vscode-java-dependency@0.18.0","url":"local","kind":"builtin"},"ms-vscode.node-debug@1.38.4":{"fullPluginName":"ms-vscode.node-debug@1.38.4","url":"local","kind":"builtin"},"ms-vscode.node-debug2@1.33.0":{"fullPluginName":"ms-vscode.node-debug2@1.33.0","url":"local","kind":"builtin"},"ms-python.python@2020.7.96456":{"fullPluginName":"ms-python.python@2020.7.96456","url":"local","kind":"builtin"},"golang.Go@0.14.4":{"fullPluginName":"golang.go@0.14.4","url":"local","kind":"builtin"},"redhat.vscode-xml@0.11.0":{"fullPluginName":"redhat.vscode-xml@0.11.0","url":"local","kind":"builtin"},"redhat.vscode-yaml@0.8.0":{"fullPluginName":"redhat.vscode-yaml@0.8.0","url":"local","kind":"builtin"},"bmewburn.vscode-intelephense-client@1.4.0":{"fullPluginName":"bmewburn.vscode-intelephense-client@1.4.0","url":"local","kind":"builtin"},"felixfbecker.php-debug@1.13.0":{"fullPluginName":"felixfbecker.php-debug@1.13.0","url":"local","kind":"builtin"},"rust-lang.rust@0.7.8":{"fullPluginName":"rust-lang.rust@0.7.8","url":"local","kind":"builtin"},"vscode.theme-abyss@1.44.2":{"fullPluginName":"vscode.theme-abyss@1.44.2","url":"local","kind":"builtin"},"vscode.theme-kimbie-dark@1.44.2":{"fullPluginName":"vscode.theme-kimbie-dark@1.44.2","url":"local","kind":"builtin"},"vscode.theme-monokai@1.44.2":{"fullPluginName":"vscode.theme-monokai@1.44.2","url":"local","kind":"builtin"},"vscode.theme-monokai-dimmed@1.44.2":{"fullPluginName":"vscode.theme-monokai-dimmed@1.44.2","url":"local","kind":"builtin"},"vscode.theme-quietlight@1.44.2":{"fullPluginName":"vscode.theme-quietlight@1.44.2","url":"local","kind":"builtin"},"vscode.theme-red@1.44.2":{"fullPluginName":"vscode.theme-red@1.44.2","url":"local","kind":"builtin"},"vscode.theme-solarized-dark@1.44.2":{"fullPluginName":"vscode.theme-solarized-dark@1.44.2","url":"local","kind":"builtin"},"vscode.theme-solarized-light@1.44.2":{"fullPluginName":"vscode.theme-solarized-light@1.44.2","url":"local","kind":"builtin"},"vscode.theme-tomorrow-night-blue@1.44.2":{"fullPluginName":"vscode.theme-tomorrow-night-blue@1.44.2","url":"local","kind":"builtin"},"vscode.vscode-theme-seti@1.44.2":{"fullPluginName":"vscode.vscode-theme-seti@1.44.2","url":"local","kind":"builtin"},"vscode.merge-conflict@1.44.2":{"fullPluginName":"vscode.merge-conflict@1.44.2","url":"local","kind":"builtin"},"ms-vscode.references-view@0.0.47":{"fullPluginName":"ms-vscode.references-view@0.0.47","url":"local","kind":"builtin"},"EditorConfig.EditorConfig@0.15.1":{"fullPluginName":"editorconfig.editorconfig@0.15.1","url":"local","kind":"builtin"},"vscode.docker@1.47.3":{"fullPluginName":"vscode.docker@1.47.3","url":"local","kind":"builtin"}}
# environment
LANG = C
# environment
PYTHONUSERBASE = /workspace/.pip-modules
# environment
VSCODE_EXTHOST_WILL_SEND_SOCKET = true
# environment
MY_RUBY_HOME = /home/gitpod/.rvm/rubies/ruby-2.7.3
# variable set hash-table stats:
 
# Load=132/1024=13%, Rehash=0, Collisions=12/166=7%

# Pattern-specific Variable Values

# No pattern-specific variable values.

# Directories

# SCCS: could not be stat'd.
# . (device 2064, inode 10485807): 12 files, no impossibilities.
# RCS: could not be stat'd.

# 12 files, no impossibilities in 3 directories.

# Implicit Rules

%: %,v

%: RCS/%

%: RCS/%,v

%: SCCS/s.%

%: s.%

%.hpux_make_needs_suffix_list:

# 6 implicit rules, 0 (0.0%) terminal.

# Files

cmake_force:
#  Phony target (prerequisite of .PHONY).
#  Implicit rule search has not been done.
#  File does not exist.
#  File has not been updated.

edit_cache:
#  Phony target (prerequisite of .PHONY).
#  Implicit rule search has not been done.
#  File does not exist.
#  File has not been updated.
#  recipe to execute (from 'Makefile', line 80):
	@$(CMAKE_COMMAND) -E cmake_echo_color --switch=$(COLOR) --cyan "Running CMake cache editor..."
	/home/linuxbrew/.linuxbrew/Cellar/cmake/3.20.2/bin/ccmake -S$(CMAKE_SOURCE_DIR) -B$(CMAKE_BINARY_DIR)

all: cmake_check_build_system
#  Phony target (prerequisite of .PHONY).
#  Command line target.
#  Implicit rule search has not been done.
#  File does not exist.
#  File has been updated.
#  Needs to be updated (-q is set).
# variable set hash-table stats:
# Load=0/32=0%, Rehash=0, Collisions=0/6=0%
#  recipe to execute (from 'Makefile', line 90):
	$(CMAKE_COMMAND) -E cmake_progress_start /workspace/bio2021/CMakeFiles /workspace/bio2021//CMakeFiles/progress.marks
	$(MAKE) $(MAKESILENT) -f CMakeFiles/Makefile2 all
	$(CMAKE_COMMAND) -E cmake_progress_start /workspace/bio2021/CMakeFiles 0

.PHONY: default_target cmake_force rebuild_cache rebuild_cache/fast edit_cache edit_cache/fast all clean clean/fast preinstall preinstall/fast depend clpr1 clpr1/fast help cmake_check_build_system
#  Implicit rule search has not been done.
#  Modification time never checked.
#  File has not been updated.

preinstall/fast:
#  Phony target (prerequisite of .PHONY).
#  Implicit rule search has not been done.
#  File does not exist.
#  File has not been updated.
#  recipe to execute (from 'Makefile', line 111):
	$(MAKE) $(MAKESILENT) -f CMakeFiles/Makefile2 preinstall

.SUFFIXES: .hpux_make_needs_suffix_list
#  Implicit rule search has not been done.
#  Modification time never checked.
#  File has not been updated.

# Not a target:
Makefile:
#  Implicit rule search has been done.
#  Last modified 2021-06-12 13:31:06.494264682
#  File has been updated.
#  Successfully updated.

.NOTPARALLEL:
#  Implicit rule search has not been done.
#  Modification time never checked.
#  File has not been updated.

clean/fast: clean
#  Phony target (prerequisite of .PHONY).
#  Implicit rule search has not been done.
#  File does not exist.
#  File has not been updated.

cmake_check_build_system:
#  Phony target (prerequisite of .PHONY).
#  Implicit rule search has not been done.
#  Implicit/static pattern stem: ''
#  File does not exist.
#  File has been updated.
#  Needs to be updated (-q is set).
# automatic
# @ := cmake_check_build_system
# automatic
# % := 
# automatic
# * := 
# automatic
# + := 
# automatic
# | := 
# automatic
# < := 
# automatic
# ^ := 
# automatic
# ? := 
# variable set hash-table stats:
# Load=8/32=25%, Rehash=0, Collisions=3/14=21%
#  recipe to execute (from 'Makefile', line 152):
	$(CMAKE_COMMAND) -S$(CMAKE_SOURCE_DIR) -B$(CMAKE_BINARY_DIR) --check-build-system CMakeFiles/Makefile.cmake 0

help:
#  Phony target (prerequisite of .PHONY).
#  Implicit rule search has not been done.
#  File does not exist.
#  File has not been updated.
#  recipe to execute (from 'Makefile', line 134):
	@echo "The following are some of the valid targets for this Makefile:"
	@echo "... all (the default if no target is provided)"
	@echo "... clean"
	@echo "... depend"
	@echo "... edit_cache"
	@echo "... rebuild_cache"
	@echo "... clpr1"

preinstall: all
#  Phony target (prerequisite of .PHONY).
#  Implicit rule search has not been done.
#  File does not exist.
#  File has not been updated.
#  recipe to execute (from 'Makefile', line 106):
	$(MAKE) $(MAKESILENT) -f CMakeFiles/Makefile2 preinstall

.SILENT:
#  Implicit rule search has not been done.
#  Modification time never checked.
#  File has not been updated.

depend:
#  Phony target (prerequisite of .PHONY).
#  Implicit rule search has not been done.
#  File does not exist.
#  File has not been updated.
#  recipe to execute (from 'Makefile', line 116):
	$(CMAKE_COMMAND) -S$(CMAKE_SOURCE_DIR) -B$(CMAKE_BINARY_DIR) --check-build-system CMakeFiles/Makefile.cmake 1

clpr1/fast:
#  Phony target (prerequisite of .PHONY).
#  Implicit rule search has not been done.
#  File does not exist.
#  File has not been updated.
#  recipe to execute (from 'Makefile', line 129):
	$(MAKE) $(MAKESILENT) -f clpr1/CMakeFiles/clpr1.dir/build.make clpr1/CMakeFiles/clpr1.dir/build

# Not a target:
.DEFAULT:
#  Implicit rule search has not been done.
#  Modification time never checked.
#  File has not been updated.

default_target: all
#  Phony target (prerequisite of .PHONY).
#  Implicit rule search has not been done.
#  File does not exist.
#  File has not been updated.

clean:
#  Phony target (prerequisite of .PHONY).
#  Implicit rule search has not been done.
#  File does not exist.
#  File has not been updated.
#  recipe to execute (from 'Makefile', line 97):
	$(MAKE) $(MAKESILENT) -f CMakeFiles/Makefile2 clean

rebuild_cache/fast: rebuild_cache
#  Phony target (prerequisite of .PHONY).
#  Implicit rule search has not been done.
#  File does not exist.
#  File has not been updated.

edit_cache/fast: edit_cache
#  Phony target (prerequisite of .PHONY).
#  Implicit rule search has not been done.
#  File does not exist.
#  File has not been updated.

clpr1: cmake_check_build_system
#  Phony target (prerequisite of .PHONY).
#  Implicit rule search has not been done.
#  File does not exist.
#  File has not been updated.
#  recipe to execute (from 'Makefile', line 124):
	$(MAKE) $(MAKESILENT) -f CMakeFiles/Makefile2 clpr1

# Not a target:
.hpux_make_needs_suffix_list:
#  Implicit rule search has not been done.
#  Modification time never checked.
#  File has not been updated.

rebuild_cache:
#  Phony target (prerequisite of .PHONY).
#  Implicit rule search has not been done.
#  File does not exist.
#  File has not been updated.
#  recipe to execute (from 'Makefile', line 70):
	@$(CMAKE_COMMAND) -E cmake_echo_color --switch=$(COLOR) --cyan "Running CMake to regenerate build system..."
	/home/linuxbrew/.linuxbrew/Cellar/cmake/3.20.2/bin/cmake --regenerate-during-build -S$(CMAKE_SOURCE_DIR) -B$(CMAKE_BINARY_DIR)

# files hash-table stats:
# Load=23/1024=2%, Rehash=0, Collisions=3/77=4%
# VPATH Search Paths

# No 'vpath' search paths.

# No general ('VPATH' variable) search path.

# strcache buffers: 1 (0) / strings = 44 / storage = 480 B / avg = 10 B
# current buf: size = 8162 B / used = 480 B / count = 44 / avg = 10 B

# strcache performance: lookups = 131 / hit rate = 66%
# hash-table stats:
# Load=44/8192=1%, Rehash=0, Collisions=3/131=2%
# Finished Make data base on Sat Jun 12 13:53:59 2021

 
